<?xml version="1.0" encoding="utf-8"?><testsuites name="pytest tests"><testsuite name="pytest" errors="0" failures="0" skipped="0" tests="14" time="31.894" timestamp="2026-01-23T22:26:53.455266+00:00" hostname="agent-env-ebe2682c-01c4-4b29-9092-ccf1b38e0211"><testcase classname="tests.test_api.TestHealthCheck" name="test_health_check_returns_200" time="0.054" /><testcase classname="tests.test_api.TestProjectsCRUD" name="test_list_projects" time="0.034" /><testcase classname="tests.test_api.TestProjectsCRUD" name="test_get_existing_project" time="0.036" /><testcase classname="tests.test_api.TestProjectsCRUD" name="test_get_nonexistent_project_returns_404" time="0.039" /><testcase classname="tests.test_api.TestProjectsCRUD" name="test_create_project" time="0.122" /><testcase classname="tests.test_api.TestProjectsCRUD" name="test_delete_project" time="0.084" /><testcase classname="tests.test_api.TestTasksEndpoints" name="test_list_project_tasks" time="0.037" /><testcase classname="tests.test_api.TestTasksEndpoints" name="test_task_graph_endpoint" time="0.033" /><testcase classname="tests.test_api.TestTasksEndpoints" name="test_agent_graph_endpoint" time="0.038" /><testcase classname="tests.test_api.TestStatsEndpoint" name="test_global_stats" time="0.044" /><testcase classname="tests.test_api.TestArtifactsEndpoints" name="test_list_project_artifacts" time="0.033" /><testcase classname="tests.test_api.TestPapersEndpoints" name="test_list_project_papers" time="0.037" /><testcase classname="tests.test_api.TestExecutionEndpoints" name="test_execute_all_endpoint_exists" time="31.197" /><testcase classname="tests.test_api.TestExportFormats" name="test_get_export_formats" time="0.055" /></testsuite></testsuites>